<?xml version="1.0" encoding="UTF-8"?>
<testng-results skipped="0" failed="0" total="2" passed="2">
  <reporter-output>
  </reporter-output>
  <suite name="ParallelSuits" duration-ms="2191" started-at="2017-05-07T05:30:04Z" finished-at="2017-05-07T05:30:06Z">
    <groups>
    </groups>
    <test name="ParallelTests1" duration-ms="609" started-at="2017-05-07T05:30:04Z" finished-at="2017-05-07T05:30:05Z">
      <class name="TestNg.cloudwordsclass">
        <test-method status="PASS" signature="f()[pri:0, instance:TestNg.cloudwordsclass@10bdf5e5]" name="f" duration-ms="10" started-at="2017-05-07T11:00:05Z" finished-at="2017-05-07T11:00:05Z">
          <reporter-output>
          </reporter-output>
        </test-method> <!-- f -->
      </class> <!-- TestNg.cloudwordsclass -->
    </test> <!-- ParallelTests1 -->
    <test name="ParallelTests2" duration-ms="21" started-at="2017-05-07T05:30:06Z" finished-at="2017-05-07T05:30:06Z">
      <class name="TestNg.cloudwordsclass">
        <test-method status="PASS" signature="f()[pri:0, instance:TestNg.cloudwordsclass@13a5fe33]" name="f" duration-ms="4" started-at="2017-05-07T11:00:06Z" finished-at="2017-05-07T11:00:06Z">
          <reporter-output>
          </reporter-output>
        </test-method> <!-- f -->
      </class> <!-- TestNg.cloudwordsclass -->
    </test> <!-- ParallelTests2 -->
  </suite> <!-- ParallelSuits -->
</testng-results>
