<?xml version="1.0" encoding="UTF-8"?>
<testng-results skipped="0" failed="0" total="1" passed="1">
  <reporter-output>
  </reporter-output>
  <suite name="Default suite" duration-ms="40" started-at="2018-04-01T14:24:30Z" finished-at="2018-04-01T14:24:30Z">
    <groups>
    </groups>
    <test name="Default test" duration-ms="40" started-at="2018-04-01T14:24:30Z" finished-at="2018-04-01T14:24:30Z">
      <class name="TestNg.Abc">
        <test-method status="PASS" signature="Abc()[pri:0, instance:TestNg.Abc@64bf3bbf]" name="Abc" is-config="true" duration-ms="14" started-at="2018-04-01T19:54:30Z" finished-at="2018-04-01T19:54:30Z">
          <reporter-output>
          </reporter-output>
        </test-method> <!-- Abc -->
      </class> <!-- TestNg.Abc -->
      <class name="TestNg.TestNgConstructorCall">
        <test-method status="PASS" signature="Xyz()[pri:0, instance:TestNg.TestNgConstructorCall@55d56113]" name="Xyz" duration-ms="14" started-at="2018-04-01T19:54:30Z" finished-at="2018-04-01T19:54:30Z">
          <reporter-output>
          </reporter-output>
        </test-method> <!-- Xyz -->
      </class> <!-- TestNg.TestNgConstructorCall -->
    </test> <!-- Default test -->
  </suite> <!-- Default suite -->
</testng-results>
