# JRE version: Java(TM) SE Runtime Environment (8.0-b132) (build 1.8.0-b132)
# Java VM: Java HotSpot(TM) 64-Bit Server VM (25.0-b70 mixed mode windows-amd64 compressed oops)
Heap:
 PSYoungGen      total 57856K, used 9943K [0x00000000eb200000, 0x00000000eee00000, 0x0000000100000000)
  eden space 54272K, 18% used [0x00000000eb200000,0x00000000ebbb5ea0,0x00000000ee700000)
  from space 3584K, 0% used [0x00000000eea80000,0x00000000eea80000,0x00000000eee00000)
  to   space 3584K, 0% used [0x00000000ee700000,0x00000000ee700000,0x00000000eea80000)
 ParOldGen       total 37376K, used 20733K [0x00000000c1600000, 0x00000000c3a80000, 0x00000000eb200000)
  object space 37376K, 55% used [0x00000000c1600000,0x00000000c2a3f520,0x00000000c3a80000)
 Metaspace       used 17954K, capacity 18066K, committed 18176K, reserved 1064960K
  class space    used 2276K, capacity 2302K, committed 2304K, reserved 1048576K
GC Heap History (10 events):
Event: 7.436 GC heap before
{Heap before GC invocations=13 (full 0):
 PSYoungGen      total 23040K, used 23029K [0x00000000eb200000, 0x00000000ecc00000, 0x0000000100000000)
  eden space 20992K, 100% used [0x00000000eb200000,0x00000000ec680000,0x00000000ec680000)
  from space 2048K, 99% used [0x00000000ec900000,0x00000000ecafd570,0x00000000ecb00000)
  to   space 2560K, 0% used [0x00000000ec680000,0x00000000ec680000,0x00000000ec900000)
 ParOldGen       total 64000K, used 2828K [0x00000000c1600000, 0x00000000c5480000, 0x00000000eb200000)
  object space 64000K, 4% used [0x00000000c1600000,0x00000000c18c3060,0x00000000c5480000)
 Metaspace       used 17451K, capacity 17554K, committed 17664K, reserved 1064960K
  class space    used 2220K, capacity 2238K, committed 2304K, reserved 1048576K
Event: 7.448 GC heap after
Heap after GC invocations=13 (full 0):
 PSYoungGen      total 23552K, used 2559K [0x00000000eb200000, 0x00000000eda00000, 0x0000000100000000)
  eden space 20992K, 0% used [0x00000000eb200000,0x00000000eb200000,0x00000000ec680000)
  from space 2560K, 99% used [0x00000000ec680000,0x00000000ec8ffdc8,0x00000000ec900000)
  to   space 3584K, 0% used [0x00000000ed680000,0x00000000ed680000,0x00000000eda00000)
 ParOldGen       total 64000K, used 4474K [0x00000000c1600000, 0x00000000c5480000, 0x00000000eb200000)
  object space 64000K, 6% used [0x00000000c1600000,0x00000000c1a5e8c0,0x00000000c5480000)
 Metaspace       used 17451K, capacity 17554K, committed 17664K, reserved 1064960K
  class space    used 2220K, capacity 2238K, committed 2304K, reserved 1048576K
}
Event: 7.661 GC heap before
{Heap before GC invocations=14 (full 0):
 PSYoungGen      total 23552K, used 23551K [0x00000000eb200000, 0x00000000eda00000, 0x0000000100000000)
  eden space 20992K, 100% used [0x00000000eb200000,0x00000000ec680000,0x00000000ec680000)
  from space 2560K, 99% used [0x00000000ec680000,0x00000000ec8ffdc8,0x00000000ec900000)
  to   space 3584K, 0% used [0x00000000ed680000,0x00000000ed680000,0x00000000eda00000)
 ParOldGen       total 64000K, used 4474K [0x00000000c1600000, 0x00000000c5480000, 0x00000000eb200000)
  object space 64000K, 6% used [0x00000000c1600000,0x00000000c1a5e8c0,0x00000000c5480000)
 Metaspace       used 17913K, capacity 18066K, committed 18176K, reserved 1064960K
  class space    used 2271K, capacity 2302K, committed 2304K, reserved 1048576K
Event: 7.702 GC heap after
Heap after GC invocations=14 (full 0):
 PSYoungGen      total 37376K, used 192K [0x00000000eb200000, 0x00000000eda00000, 0x0000000100000000)
  eden space 33792K, 0% used [0x00000000eb200000,0x00000000eb200000,0x00000000ed300000)
  from space 3584K, 5% used [0x00000000ed680000,0x00000000ed6b0000,0x00000000eda00000)
  to   space 3584K, 0% used [0x00000000ed300000,0x00000000ed300000,0x00000000ed680000)
 ParOldGen       total 64000K, used 42722K [0x00000000c1600000, 0x00000000c5480000, 0x00000000eb200000)
  object space 64000K, 66% used [0x00000000c1600000,0x00000000c3fb8b10,0x00000000c5480000)
 Metaspace       used 17913K, capacity 18066K, committed 18176K, reserved 1064960K
  class space    used 2271K, capacity 2302K, committed 2304K, reserved 1048576K
}
Event: 7.856 GC heap before
{Heap before GC invocations=15 (full 0):
 PSYoungGen      total 37376K, used 33984K [0x00000000eb200000, 0x00000000eda00000, 0x0000000100000000)
  eden space 33792K, 100% used [0x00000000eb200000,0x00000000ed300000,0x00000000ed300000)
  from space 3584K, 5% used [0x00000000ed680000,0x00000000ed6b0000,0x00000000eda00000)
  to   space 3584K, 0% used [0x00000000ed300000,0x00000000ed300000,0x00000000ed680000)
 ParOldGen       total 64000K, used 42722K [0x00000000c1600000, 0x00000000c5480000, 0x00000000eb200000)
  object space 64000K, 66% used [0x00000000c1600000,0x00000000c3fb8b10,0x00000000c5480000)
 Metaspace       used 17921K, capacity 18066K, committed 18176K, reserved 1064960K
  class space    used 2272K, capacity 2302K, committed 2304K, reserved 1048576K
Event: 7.861 GC heap after
Heap after GC invocations=15 (full 0):
 PSYoungGen      total 37376K, used 2200K [0x00000000eb200000, 0x00000000eee00000, 0x0000000100000000)
  eden space 33792K, 0% used [0x00000000eb200000,0x00000000eb200000,0x00000000ed300000)
  from space 3584K, 61% used [0x00000000ed300000,0x00000000ed526040,0x00000000ed680000)
  to   space 3584K, 0% used [0x00000000eea80000,0x00000000eea80000,0x00000000eee00000)
 ParOldGen       total 64000K, used 42810K [0x00000000c1600000, 0x00000000c5480000, 0x00000000eb200000)
  object space 64000K, 66% used [0x00000000c1600000,0x00000000c3fceb10,0x00000000c5480000)
 Metaspace       used 17921K, capacity 18066K, committed 18176K, reserved 1064960K
  class space    used 2272K, capacity 2302K, committed 2304K, reserved 1048576K
}
Event: 8.154 GC heap before
{Heap before GC invocations=16 (full 0):
 PSYoungGen      total 37376K, used 35992K [0x00000000eb200000, 0x00000000eee00000, 0x0000000100000000)
  eden space 33792K, 100% used [0x00000000eb200000,0x00000000ed300000,0x00000000ed300000)
  from space 3584K, 61% used [0x00000000ed300000,0x00000000ed526040,0x00000000ed680000)
  to   space 3584K, 0% used [0x00000000eea80000,0x00000000eea80000,0x00000000eee00000)
 ParOldGen       total 64000K, used 42810K [0x00000000c1600000, 0x00000000c5480000, 0x00000000eb200000)
  object space 64000K, 66% used [0x00000000c1600000,0x00000000c3fceb10,0x00000000c5480000)
 Metaspace       used 17954K, capacity 18066K, committed 18176K, reserved 1064960K
  class space    used 2276K, capacity 2302K, committed 2304K, reserved 1048576K
Event: 8.171 GC heap after
Heap after GC invocations=16 (full 0):
 PSYoungGen      total 57856K, used 64K [0x00000000eb200000, 0x00000000eee00000, 0x0000000100000000)
  eden space 54272K, 0% used [0x00000000eb200000,0x00000000eb200000,0x00000000ee700000)
  from space 3584K, 1% used [0x00000000eea80000,0x00000000eea90000,0x00000000eee00000)
  to   space 3584K, 0% used [0x00000000ee700000,0x00000000ee700000,0x00000000eea80000)
 ParOldGen       total 64000K, used 52066K [0x00000000c1600000, 0x00000000c5480000, 0x00000000eb200000)
  object space 64000K, 81% used [0x00000000c1600000,0x00000000c48d8b50,0x00000000c5480000)
 Metaspace       used 17954K, capacity 18066K, committed 18176K, reserved 1064960K
  class space    used 2276K, capacity 2302K, committed 2304K, reserved 1048576K
}
Event: 8.171 GC heap before
{Heap before GC invocations=17 (full 1):
 PSYoungGen      total 57856K, used 64K [0x00000000eb200000, 0x00000000eee00000, 0x0000000100000000)
  eden space 54272K, 0% used [0x00000000eb200000,0x00000000eb200000,0x00000000ee700000)
  from space 3584K, 1% used [0x00000000eea80000,0x00000000eea90000,0x00000000eee00000)
  to   space 3584K, 0% used [0x00000000ee700000,0x00000000ee700000,0x00000000eea80000)
 ParOldGen       total 64000K, used 52066K [0x00000000c1600000, 0x00000000c5480000, 0x00000000eb200000)
  object space 64000K, 81% used [0x00000000c1600000,0x00000000c48d8b50,0x00000000c5480000)
 Metaspace       used 17954K, capacity 18066K, committed 18176K, reserved 1064960K
  class space    used 2276K, capacity 2302K, committed 2304K, reserved 1048576K
Event: 8.383 GC heap after
Heap after GC invocations=17 (full 1):
 PSYoungGen      total 57856K, used 0K [0x00000000eb200000, 0x00000000eee00000, 0x0000000100000000)
  eden space 54272K, 0% used [0x00000000eb200000,0x00000000eb200000,0x00000000ee700000)
  from space 3584K, 0% used [0x00000000eea80000,0x00000000eea80000,0x00000000eee00000)
  to   space 3584K, 0% used [0x00000000ee700000,0x00000000ee700000,0x00000000eea80000)
 ParOldGen       total 37376K, used 20733K [0x00000000c1600000, 0x00000000c3a80000, 0x00000000eb200000)
  object space 37376K, 55% used [0x00000000c1600000,0x00000000c2a3f520,0x00000000c3a80000)
 Metaspace       used 17954K, capacity 18066K, committed 18176K, reserved 1064960K
  class space    used 2276K, capacity 2302K, committed 2304K, reserved 1048576K
}

