# JRE version: Java(TM) SE Runtime Environment (8.0-b132) (build 1.8.0-b132)
# Java VM: Java HotSpot(TM) 64-Bit Server VM (25.0-b70 mixed mode windows-amd64 compressed oops)
Heap:
 PSYoungGen      total 36864K, used 29054K [0x00000000eb200000, 0x00000000ed900000, 0x0000000100000000)
  eden space 33792K, 85% used [0x00000000eb200000,0x00000000ece27b50,0x00000000ed300000)
  from space 3072K, 7% used [0x00000000ed600000,0x00000000ed638000,0x00000000ed900000)
  to   space 3072K, 0% used [0x00000000ed300000,0x00000000ed300000,0x00000000ed600000)
 ParOldGen       total 64000K, used 29259K [0x00000000c1600000, 0x00000000c5480000, 0x00000000eb200000)
  object space 64000K, 45% used [0x00000000c1600000,0x00000000c3292fb0,0x00000000c5480000)
 Metaspace       used 17410K, capacity 17554K, committed 17664K, reserved 1064960K
  class space    used 2207K, capacity 2238K, committed 2304K, reserved 1048576K
GC Heap History (10 events):
Event: 1.342 GC heap before
{Heap before GC invocations=10 (full 0):
 PSYoungGen      total 9728K, used 9481K [0x00000000eb200000, 0x00000000ec200000, 0x0000000100000000)
  eden space 8192K, 100% used [0x00000000eb200000,0x00000000eba00000,0x00000000eba00000)
  from space 1536K, 83% used [0x00000000eba00000,0x00000000ebb424b8,0x00000000ebb80000)
  to   space 1536K, 0% used [0x00000000ec080000,0x00000000ec080000,0x00000000ec200000)
 ParOldGen       total 64000K, used 1384K [0x00000000c1600000, 0x00000000c5480000, 0x00000000eb200000)
  object space 64000K, 2% used [0x00000000c1600000,0x00000000c175a378,0x00000000c5480000)
 Metaspace       used 8013K, capacity 8144K, committed 8320K, reserved 1056768K
  class space    used 1024K, capacity 1072K, committed 1152K, reserved 1048576K
Event: 1.344 GC heap after
Heap after GC invocations=10 (full 0):
 PSYoungGen      total 14848K, used 1227K [0x00000000eb200000, 0x00000000ec200000, 0x0000000100000000)
  eden space 13312K, 0% used [0x00000000eb200000,0x00000000eb200000,0x00000000ebf00000)
  from space 1536K, 79% used [0x00000000ec080000,0x00000000ec1b2cd8,0x00000000ec200000)
  to   space 1536K, 0% used [0x00000000ebf00000,0x00000000ebf00000,0x00000000ec080000)
 ParOldGen       total 64000K, used 1856K [0x00000000c1600000, 0x00000000c5480000, 0x00000000eb200000)
  object space 64000K, 2% used [0x00000000c1600000,0x00000000c17d03a0,0x00000000c5480000)
 Metaspace       used 8013K, capacity 8144K, committed 8320K, reserved 1056768K
  class space    used 1024K, capacity 1072K, committed 1152K, reserved 1048576K
}
Event: 1.646 GC heap before
{Heap before GC invocations=11 (full 0):
 PSYoungGen      total 14848K, used 14539K [0x00000000eb200000, 0x00000000ec200000, 0x0000000100000000)
  eden space 13312K, 100% used [0x00000000eb200000,0x00000000ebf00000,0x00000000ebf00000)
  from space 1536K, 79% used [0x00000000ec080000,0x00000000ec1b2cd8,0x00000000ec200000)
  to   space 1536K, 0% used [0x00000000ebf00000,0x00000000ebf00000,0x00000000ec080000)
 ParOldGen       total 64000K, used 1856K [0x00000000c1600000, 0x00000000c5480000, 0x00000000eb200000)
  object space 64000K, 2% used [0x00000000c1600000,0x00000000c17d03a0,0x00000000c5480000)
 Metaspace       used 10850K, capacity 11014K, committed 11264K, reserved 1058816K
  class space    used 1404K, capacity 1429K, committed 1536K, reserved 1048576K
Event: 1.649 GC heap after
Heap after GC invocations=11 (full 0):
 PSYoungGen      total 14848K, used 1512K [0x00000000eb200000, 0x00000000ecb00000, 0x0000000100000000)
  eden space 13312K, 0% used [0x00000000eb200000,0x00000000eb200000,0x00000000ebf00000)
  from space 1536K, 98% used [0x00000000ebf00000,0x00000000ec07a038,0x00000000ec080000)
  to   space 2048K, 0% used [0x00000000ec900000,0x00000000ec900000,0x00000000ecb00000)
 ParOldGen       total 64000K, used 2136K [0x00000000c1600000, 0x00000000c5480000, 0x00000000eb200000)
  object space 64000K, 3% used [0x00000000c1600000,0x00000000c18163c0,0x00000000c5480000)
 Metaspace       used 10850K, capacity 11014K, committed 11264K, reserved 1058816K
  class space    used 1404K, capacity 1429K, committed 1536K, reserved 1048576K
}
Event: 4.584 GC heap before
{Heap before GC invocations=12 (full 0):
 PSYoungGen      total 14848K, used 14824K [0x00000000eb200000, 0x00000000ecb00000, 0x0000000100000000)
  eden space 13312K, 100% used [0x00000000eb200000,0x00000000ebf00000,0x00000000ebf00000)
  from space 1536K, 98% used [0x00000000ebf00000,0x00000000ec07a038,0x00000000ec080000)
  to   space 2048K, 0% used [0x00000000ec900000,0x00000000ec900000,0x00000000ecb00000)
 ParOldGen       total 64000K, used 2136K [0x00000000c1600000, 0x00000000c5480000, 0x00000000eb200000)
  object space 64000K, 3% used [0x00000000c1600000,0x00000000c18163c0,0x00000000c5480000)
 Metaspace       used 12674K, capacity 12850K, committed 13056K, reserved 1060864K
  class space    used 1669K, capacity 1694K, committed 1792K, reserved 1048576K
Event: 4.629 GC heap after
Heap after GC invocations=12 (full 0):
 PSYoungGen      total 23040K, used 2037K [0x00000000eb200000, 0x00000000ecc00000, 0x0000000100000000)
  eden space 20992K, 0% used [0x00000000eb200000,0x00000000eb200000,0x00000000ec680000)
  from space 2048K, 99% used [0x00000000ec900000,0x00000000ecafd780,0x00000000ecb00000)
  to   space 2560K, 0% used [0x00000000ec680000,0x00000000ec680000,0x00000000ec900000)
 ParOldGen       total 64000K, used 2788K [0x00000000c1600000, 0x00000000c5480000, 0x00000000eb200000)
  object space 64000K, 4% used [0x00000000c1600000,0x00000000c18b92d0,0x00000000c5480000)
 Metaspace       used 12674K, capacity 12850K, committed 13056K, reserved 1060864K
  class space    used 1669K, capacity 1694K, committed 1792K, reserved 1048576K
}
Event: 7.705 GC heap before
{Heap before GC invocations=13 (full 0):
 PSYoungGen      total 23040K, used 22345K [0x00000000eb200000, 0x00000000ecc00000, 0x0000000100000000)
  eden space 20992K, 96% used [0x00000000eb200000,0x00000000ec5d4ee0,0x00000000ec680000)
  from space 2048K, 99% used [0x00000000ec900000,0x00000000ecafd780,0x00000000ecb00000)
  to   space 2560K, 0% used [0x00000000ec680000,0x00000000ec680000,0x00000000ec900000)
 ParOldGen       total 64000K, used 2788K [0x00000000c1600000, 0x00000000c5480000, 0x00000000eb200000)
  object space 64000K, 4% used [0x00000000c1600000,0x00000000c18b92d0,0x00000000c5480000)
 Metaspace       used 16756K, capacity 16914K, committed 17024K, reserved 1064960K
  class space    used 2141K, capacity 2174K, committed 2176K, reserved 1048576K
Event: 7.713 GC heap after
Heap after GC invocations=13 (full 0):
 PSYoungGen      total 23552K, used 2535K [0x00000000eb200000, 0x00000000ed900000, 0x0000000100000000)
  eden space 20992K, 0% used [0x00000000eb200000,0x00000000eb200000,0x00000000ec680000)
  from space 2560K, 99% used [0x00000000ec680000,0x00000000ec8f9c70,0x00000000ec900000)
  to   space 3072K, 0% used [0x00000000ed600000,0x00000000ed600000,0x00000000ed900000)
 ParOldGen       total 64000K, used 3884K [0x00000000c1600000, 0x00000000c5480000, 0x00000000eb200000)
  object space 64000K, 6% used [0x00000000c1600000,0x00000000c19cb180,0x00000000c5480000)
 Metaspace       used 16756K, capacity 16914K, committed 17024K, reserved 1064960K
  class space    used 2141K, capacity 2174K, committed 2176K, reserved 1048576K
}
Event: 7.945 GC heap before
{Heap before GC invocations=14 (full 0):
 PSYoungGen      total 23552K, used 23527K [0x00000000eb200000, 0x00000000ed900000, 0x0000000100000000)
  eden space 20992K, 100% used [0x00000000eb200000,0x00000000ec680000,0x00000000ec680000)
  from space 2560K, 99% used [0x00000000ec680000,0x00000000ec8f9c70,0x00000000ec900000)
  to   space 3072K, 0% used [0x00000000ed600000,0x00000000ed600000,0x00000000ed900000)
 ParOldGen       total 64000K, used 3884K [0x00000000c1600000, 0x00000000c5480000, 0x00000000eb200000)
  object space 64000K, 6% used [0x00000000c1600000,0x00000000c19cb180,0x00000000c5480000)
 Metaspace       used 17402K, capacity 17554K, committed 17664K, reserved 1064960K
  class space    used 2206K, capacity 2238K, committed 2304K, reserved 1048576K
Event: 8.041 GC heap after
Heap after GC invocations=14 (full 0):
 PSYoungGen      total 36864K, used 224K [0x00000000eb200000, 0x00000000ed900000, 0x0000000100000000)
  eden space 33792K, 0% used [0x00000000eb200000,0x00000000eb200000,0x00000000ed300000)
  from space 3072K, 7% used [0x00000000ed600000,0x00000000ed638000,0x00000000ed900000)
  to   space 3072K, 0% used [0x00000000ed300000,0x00000000ed300000,0x00000000ed600000)
 ParOldGen       total 64000K, used 29259K [0x00000000c1600000, 0x00000000c5480000, 0x00000000eb200000)
  object space 64000K, 45% used [0x00000000c1600000,0x00000000c3292fb0,0x00000000c5480000)
 Metaspace       used 17402K, capacity 17554K, committed 17664K, reserved 1064960K
  class space    used 2206K, capacity 2238K, committed 2304K, reserved 1048576K
}

