# JRE version: Java(TM) SE Runtime Environment (8.0-b132) (build 1.8.0-b132)
# Java VM: Java HotSpot(TM) 64-Bit Server VM (25.0-b70 mixed mode windows-amd64 compressed oops)
Heap:
 PSYoungGen      total 41984K, used 3322K [0x00000000eb200000, 0x00000000eed80000, 0x0000000100000000)
  eden space 38912K, 8% used [0x00000000eb200000,0x00000000eb53e9b0,0x00000000ed800000)
  from space 3072K, 0% used [0x00000000ed800000,0x00000000ed800000,0x00000000edb00000)
  to   space 3072K, 0% used [0x00000000eea80000,0x00000000eea80000,0x00000000eed80000)
 ParOldGen       total 44032K, used 21697K [0x00000000c1600000, 0x00000000c4100000, 0x00000000eb200000)
  object space 44032K, 49% used [0x00000000c1600000,0x00000000c2b304f0,0x00000000c4100000)
 Metaspace       used 17971K, capacity 18066K, committed 18176K, reserved 1064960K
  class space    used 2279K, capacity 2302K, committed 2304K, reserved 1048576K
GC Heap History (10 events):
Event: 6.804 GC heap before
{Heap before GC invocations=16 (full 0):
 PSYoungGen      total 18944K, used 17683K [0x00000000eb200000, 0x00000000ed280000, 0x0000000100000000)
  eden space 17408K, 92% used [0x00000000eb200000,0x00000000ec1c7e58,0x00000000ec300000)
  from space 1536K, 99% used [0x00000000ec300000,0x00000000ec47d040,0x00000000ec480000)
  to   space 2560K, 0% used [0x00000000ed000000,0x00000000ed000000,0x00000000ed280000)
 ParOldGen       total 64000K, used 4711K [0x00000000c1600000, 0x00000000c5480000, 0x00000000eb200000)
  object space 64000K, 7% used [0x00000000c1600000,0x00000000c1a99db0,0x00000000c5480000)
 Metaspace       used 17531K, capacity 17714K, committed 17920K, reserved 1064960K
  class space    used 2228K, capacity 2270K, committed 2304K, reserved 1048576K
Event: 6.816 GC heap after
Heap after GC invocations=16 (full 0):
 PSYoungGen      total 30208K, used 1773K [0x00000000eb200000, 0x00000000ed380000, 0x0000000100000000)
  eden space 27648K, 0% used [0x00000000eb200000,0x00000000eb200000,0x00000000ecd00000)
  from space 2560K, 69% used [0x00000000ed000000,0x00000000ed1bb6f8,0x00000000ed280000)
  to   space 3072K, 0% used [0x00000000ecd00000,0x00000000ecd00000,0x00000000ed000000)
 ParOldGen       total 64000K, used 13497K [0x00000000c1600000, 0x00000000c5480000, 0x00000000eb200000)
  object space 64000K, 21% used [0x00000000c1600000,0x00000000c232e640,0x00000000c5480000)
 Metaspace       used 17531K, capacity 17714K, committed 17920K, reserved 1064960K
  class space    used 2228K, capacity 2270K, committed 2304K, reserved 1048576K
}
Event: 6.992 GC heap before
{Heap before GC invocations=17 (full 0):
 PSYoungGen      total 30208K, used 29421K [0x00000000eb200000, 0x00000000ed380000, 0x0000000100000000)
  eden space 27648K, 100% used [0x00000000eb200000,0x00000000ecd00000,0x00000000ecd00000)
  from space 2560K, 69% used [0x00000000ed000000,0x00000000ed1bb6f8,0x00000000ed280000)
  to   space 3072K, 0% used [0x00000000ecd00000,0x00000000ecd00000,0x00000000ed000000)
 ParOldGen       total 64000K, used 13497K [0x00000000c1600000, 0x00000000c5480000, 0x00000000eb200000)
  object space 64000K, 21% used [0x00000000c1600000,0x00000000c232e640,0x00000000c5480000)
 Metaspace       used 17899K, capacity 18066K, committed 18176K, reserved 1064960K
  class space    used 2271K, capacity 2302K, committed 2304K, reserved 1048576K
Event: 7.014 GC heap after
Heap after GC invocations=17 (full 0):
 PSYoungGen      total 30720K, used 160K [0x00000000eb200000, 0x00000000ede00000, 0x0000000100000000)
  eden space 27648K, 0% used [0x00000000eb200000,0x00000000eb200000,0x00000000ecd00000)
  from space 3072K, 5% used [0x00000000ecd00000,0x00000000ecd28000,0x00000000ed000000)
  to   space 3072K, 0% used [0x00000000edb00000,0x00000000edb00000,0x00000000ede00000)
 ParOldGen       total 64000K, used 43223K [0x00000000c1600000, 0x00000000c5480000, 0x00000000eb200000)
  object space 64000K, 67% used [0x00000000c1600000,0x00000000c4035c60,0x00000000c5480000)
 Metaspace       used 17899K, capacity 18066K, committed 18176K, reserved 1064960K
  class space    used 2271K, capacity 2302K, committed 2304K, reserved 1048576K
}
Event: 8.512 GC heap before
{Heap before GC invocations=18 (full 0):
 PSYoungGen      total 30720K, used 26513K [0x00000000eb200000, 0x00000000ede00000, 0x0000000100000000)
  eden space 27648K, 95% used [0x00000000eb200000,0x00000000ecbbc7e0,0x00000000ecd00000)
  from space 3072K, 5% used [0x00000000ecd00000,0x00000000ecd28000,0x00000000ed000000)
  to   space 3072K, 0% used [0x00000000edb00000,0x00000000edb00000,0x00000000ede00000)
 ParOldGen       total 64000K, used 43223K [0x00000000c1600000, 0x00000000c5480000, 0x00000000eb200000)
  object space 64000K, 67% used [0x00000000c1600000,0x00000000c4035c60,0x00000000c5480000)
 Metaspace       used 17971K, capacity 18066K, committed 18176K, reserved 1064960K
  class space    used 2279K, capacity 2302K, committed 2304K, reserved 1048576K
Event: 8.517 GC heap after
Heap after GC invocations=18 (full 0):
 PSYoungGen      total 41984K, used 160K [0x00000000eb200000, 0x00000000ede00000, 0x0000000100000000)
  eden space 38912K, 0% used [0x00000000eb200000,0x00000000eb200000,0x00000000ed800000)
  from space 3072K, 5% used [0x00000000edb00000,0x00000000edb28000,0x00000000ede00000)
  to   space 3072K, 0% used [0x00000000ed800000,0x00000000ed800000,0x00000000edb00000)
 ParOldGen       total 64000K, used 43303K [0x00000000c1600000, 0x00000000c5480000, 0x00000000eb200000)
  object space 64000K, 67% used [0x00000000c1600000,0x00000000c4049c60,0x00000000c5480000)
 Metaspace       used 17971K, capacity 18066K, committed 18176K, reserved 1064960K
  class space    used 2279K, capacity 2302K, committed 2304K, reserved 1048576K
}
Event: 8.700 GC heap before
{Heap before GC invocations=19 (full 0):
 PSYoungGen      total 41984K, used 39072K [0x00000000eb200000, 0x00000000ede00000, 0x0000000100000000)
  eden space 38912K, 100% used [0x00000000eb200000,0x00000000ed800000,0x00000000ed800000)
  from space 3072K, 5% used [0x00000000edb00000,0x00000000edb28000,0x00000000ede00000)
  to   space 3072K, 0% used [0x00000000ed800000,0x00000000ed800000,0x00000000edb00000)
 ParOldGen       total 64000K, used 43303K [0x00000000c1600000, 0x00000000c5480000, 0x00000000eb200000)
  object space 64000K, 67% used [0x00000000c1600000,0x00000000c4049c60,0x00000000c5480000)
 Metaspace       used 17971K, capacity 18066K, committed 18176K, reserved 1064960K
  class space    used 2279K, capacity 2302K, committed 2304K, reserved 1048576K
Event: 8.716 GC heap after
Heap after GC invocations=19 (full 0):
 PSYoungGen      total 41984K, used 128K [0x00000000eb200000, 0x00000000eed80000, 0x0000000100000000)
  eden space 38912K, 0% used [0x00000000eb200000,0x00000000eb200000,0x00000000ed800000)
  from space 3072K, 4% used [0x00000000ed800000,0x00000000ed820000,0x00000000edb00000)
  to   space 3072K, 0% used [0x00000000eea80000,0x00000000eea80000,0x00000000eed80000)
 ParOldGen       total 68608K, used 67963K [0x00000000c1600000, 0x00000000c5900000, 0x00000000eb200000)
  object space 68608K, 99% used [0x00000000c1600000,0x00000000c585ed10,0x00000000c5900000)
 Metaspace       used 17971K, capacity 18066K, committed 18176K, reserved 1064960K
  class space    used 2279K, capacity 2302K, committed 2304K, reserved 1048576K
}
Event: 8.716 GC heap before
{Heap before GC invocations=20 (full 1):
 PSYoungGen      total 41984K, used 128K [0x00000000eb200000, 0x00000000eed80000, 0x0000000100000000)
  eden space 38912K, 0% used [0x00000000eb200000,0x00000000eb200000,0x00000000ed800000)
  from space 3072K, 4% used [0x00000000ed800000,0x00000000ed820000,0x00000000edb00000)
  to   space 3072K, 0% used [0x00000000eea80000,0x00000000eea80000,0x00000000eed80000)
 ParOldGen       total 68608K, used 67963K [0x00000000c1600000, 0x00000000c5900000, 0x00000000eb200000)
  object space 68608K, 99% used [0x00000000c1600000,0x00000000c585ed10,0x00000000c5900000)
 Metaspace       used 17971K, capacity 18066K, committed 18176K, reserved 1064960K
  class space    used 2279K, capacity 2302K, committed 2304K, reserved 1048576K
Event: 8.745 GC heap after
Heap after GC invocations=20 (full 1):
 PSYoungGen      total 41984K, used 0K [0x00000000eb200000, 0x00000000eed80000, 0x0000000100000000)
  eden space 38912K, 0% used [0x00000000eb200000,0x00000000eb200000,0x00000000ed800000)
  from space 3072K, 0% used [0x00000000ed800000,0x00000000ed800000,0x00000000edb00000)
  to   space 3072K, 0% used [0x00000000eea80000,0x00000000eea80000,0x00000000eed80000)
 ParOldGen       total 44032K, used 21697K [0x00000000c1600000, 0x00000000c4100000, 0x00000000eb200000)
  object space 44032K, 49% used [0x00000000c1600000,0x00000000c2b304f0,0x00000000c4100000)
 Metaspace       used 17971K, capacity 18066K, committed 18176K, reserved 1064960K
  class space    used 2279K, capacity 2302K, committed 2304K, reserved 1048576K
}

