# JRE version: Java(TM) SE Runtime Environment (8.0-b132) (build 1.8.0-b132)
# Java VM: Java HotSpot(TM) 64-Bit Server VM (25.0-b70 mixed mode windows-amd64 compressed oops)
Heap:
 PSYoungGen      total 36864K, used 29383K [0x00000000eb200000, 0x00000000ed900000, 0x0000000100000000)
  eden space 33792K, 86% used [0x00000000eb200000,0x00000000ece81ff0,0x00000000ed300000)
  from space 3072K, 6% used [0x00000000ed600000,0x00000000ed630000,0x00000000ed900000)
  to   space 3072K, 0% used [0x00000000ed300000,0x00000000ed300000,0x00000000ed600000)
 ParOldGen       total 64000K, used 25192K [0x00000000c1600000, 0x00000000c5480000, 0x00000000eb200000)
  object space 64000K, 39% used [0x00000000c1600000,0x00000000c2e9a028,0x00000000c5480000)
 Metaspace       used 17419K, capacity 17602K, committed 17920K, reserved 1064960K
  class space    used 2207K, capacity 2238K, committed 2304K, reserved 1048576K
GC Heap History (10 events):
Event: 1.350 GC heap before
{Heap before GC invocations=10 (full 0):
 PSYoungGen      total 9728K, used 9523K [0x00000000eb200000, 0x00000000ec200000, 0x0000000100000000)
  eden space 8192K, 100% used [0x00000000eb200000,0x00000000eba00000,0x00000000eba00000)
  from space 1536K, 86% used [0x00000000eba00000,0x00000000ebb4cd10,0x00000000ebb80000)
  to   space 1536K, 0% used [0x00000000ec080000,0x00000000ec080000,0x00000000ec200000)
 ParOldGen       total 64000K, used 1397K [0x00000000c1600000, 0x00000000c5480000, 0x00000000eb200000)
  object space 64000K, 2% used [0x00000000c1600000,0x00000000c175d410,0x00000000c5480000)
 Metaspace       used 8018K, capacity 8128K, committed 8320K, reserved 1056768K
  class space    used 1024K, capacity 1072K, committed 1152K, reserved 1048576K
Event: 1.352 GC heap after
Heap after GC invocations=10 (full 0):
 PSYoungGen      total 14848K, used 1164K [0x00000000eb200000, 0x00000000ec200000, 0x0000000100000000)
  eden space 13312K, 0% used [0x00000000eb200000,0x00000000eb200000,0x00000000ebf00000)
  from space 1536K, 75% used [0x00000000ec080000,0x00000000ec1a3060,0x00000000ec200000)
  to   space 1536K, 0% used [0x00000000ebf00000,0x00000000ebf00000,0x00000000ec080000)
 ParOldGen       total 64000K, used 1869K [0x00000000c1600000, 0x00000000c5480000, 0x00000000eb200000)
  object space 64000K, 2% used [0x00000000c1600000,0x00000000c17d3438,0x00000000c5480000)
 Metaspace       used 8018K, capacity 8128K, committed 8320K, reserved 1056768K
  class space    used 1024K, capacity 1072K, committed 1152K, reserved 1048576K
}
Event: 1.695 GC heap before
{Heap before GC invocations=11 (full 0):
 PSYoungGen      total 14848K, used 14476K [0x00000000eb200000, 0x00000000ec200000, 0x0000000100000000)
  eden space 13312K, 100% used [0x00000000eb200000,0x00000000ebf00000,0x00000000ebf00000)
  from space 1536K, 75% used [0x00000000ec080000,0x00000000ec1a3060,0x00000000ec200000)
  to   space 1536K, 0% used [0x00000000ebf00000,0x00000000ebf00000,0x00000000ec080000)
 ParOldGen       total 64000K, used 1869K [0x00000000c1600000, 0x00000000c5480000, 0x00000000eb200000)
  object space 64000K, 2% used [0x00000000c1600000,0x00000000c17d3438,0x00000000c5480000)
 Metaspace       used 10859K, capacity 10998K, committed 11264K, reserved 1058816K
  class space    used 1403K, capacity 1429K, committed 1536K, reserved 1048576K
Event: 1.710 GC heap after
Heap after GC invocations=11 (full 0):
 PSYoungGen      total 14848K, used 1500K [0x00000000eb200000, 0x00000000ecb00000, 0x0000000100000000)
  eden space 13312K, 0% used [0x00000000eb200000,0x00000000eb200000,0x00000000ebf00000)
  from space 1536K, 97% used [0x00000000ebf00000,0x00000000ec0771f0,0x00000000ec080000)
  to   space 2048K, 0% used [0x00000000ec900000,0x00000000ec900000,0x00000000ecb00000)
 ParOldGen       total 64000K, used 2157K [0x00000000c1600000, 0x00000000c5480000, 0x00000000eb200000)
  object space 64000K, 3% used [0x00000000c1600000,0x00000000c181b458,0x00000000c5480000)
 Metaspace       used 10859K, capacity 10998K, committed 11264K, reserved 1058816K
  class space    used 1403K, capacity 1429K, committed 1536K, reserved 1048576K
}
Event: 4.681 GC heap before
{Heap before GC invocations=12 (full 0):
 PSYoungGen      total 14848K, used 14812K [0x00000000eb200000, 0x00000000ecb00000, 0x0000000100000000)
  eden space 13312K, 100% used [0x00000000eb200000,0x00000000ebf00000,0x00000000ebf00000)
  from space 1536K, 97% used [0x00000000ebf00000,0x00000000ec0771f0,0x00000000ec080000)
  to   space 2048K, 0% used [0x00000000ec900000,0x00000000ec900000,0x00000000ecb00000)
 ParOldGen       total 64000K, used 2157K [0x00000000c1600000, 0x00000000c5480000, 0x00000000eb200000)
  object space 64000K, 3% used [0x00000000c1600000,0x00000000c181b458,0x00000000c5480000)
 Metaspace       used 12698K, capacity 12834K, committed 13056K, reserved 1060864K
  class space    used 1669K, capacity 1694K, committed 1792K, reserved 1048576K
Event: 4.704 GC heap after
Heap after GC invocations=12 (full 0):
 PSYoungGen      total 23040K, used 2036K [0x00000000eb200000, 0x00000000ecc00000, 0x0000000100000000)
  eden space 20992K, 0% used [0x00000000eb200000,0x00000000eb200000,0x00000000ec680000)
  from space 2048K, 99% used [0x00000000ec900000,0x00000000ecafd390,0x00000000ecb00000)
  to   space 2560K, 0% used [0x00000000ec680000,0x00000000ec680000,0x00000000ec900000)
 ParOldGen       total 64000K, used 2850K [0x00000000c1600000, 0x00000000c5480000, 0x00000000eb200000)
  object space 64000K, 4% used [0x00000000c1600000,0x00000000c18c8b58,0x00000000c5480000)
 Metaspace       used 12698K, capacity 12834K, committed 13056K, reserved 1060864K
  class space    used 1669K, capacity 1694K, committed 1792K, reserved 1048576K
}
Event: 7.825 GC heap before
{Heap before GC invocations=13 (full 0):
 PSYoungGen      total 23040K, used 22092K [0x00000000eb200000, 0x00000000ecc00000, 0x0000000100000000)
  eden space 20992K, 95% used [0x00000000eb200000,0x00000000ec595db0,0x00000000ec680000)
  from space 2048K, 99% used [0x00000000ec900000,0x00000000ecafd390,0x00000000ecb00000)
  to   space 2560K, 0% used [0x00000000ec680000,0x00000000ec680000,0x00000000ec900000)
 ParOldGen       total 64000K, used 2850K [0x00000000c1600000, 0x00000000c5480000, 0x00000000eb200000)
  object space 64000K, 4% used [0x00000000c1600000,0x00000000c18c8b58,0x00000000c5480000)
 Metaspace       used 16760K, capacity 16898K, committed 17024K, reserved 1064960K
  class space    used 2141K, capacity 2174K, committed 2176K, reserved 1048576K
Event: 7.829 GC heap after
Heap after GC invocations=13 (full 0):
 PSYoungGen      total 23552K, used 2535K [0x00000000eb200000, 0x00000000ed900000, 0x0000000100000000)
  eden space 20992K, 0% used [0x00000000eb200000,0x00000000eb200000,0x00000000ec680000)
  from space 2560K, 99% used [0x00000000ec680000,0x00000000ec8f9c70,0x00000000ec900000)
  to   space 3072K, 0% used [0x00000000ed600000,0x00000000ed600000,0x00000000ed900000)
 ParOldGen       total 64000K, used 3930K [0x00000000c1600000, 0x00000000c5480000, 0x00000000eb200000)
  object space 64000K, 6% used [0x00000000c1600000,0x00000000c19d6a08,0x00000000c5480000)
 Metaspace       used 16760K, capacity 16898K, committed 17024K, reserved 1064960K
  class space    used 2141K, capacity 2174K, committed 2176K, reserved 1048576K
}
Event: 8.048 GC heap before
{Heap before GC invocations=14 (full 0):
 PSYoungGen      total 23552K, used 23527K [0x00000000eb200000, 0x00000000ed900000, 0x0000000100000000)
  eden space 20992K, 100% used [0x00000000eb200000,0x00000000ec680000,0x00000000ec680000)
  from space 2560K, 99% used [0x00000000ec680000,0x00000000ec8f9c70,0x00000000ec900000)
  to   space 3072K, 0% used [0x00000000ed600000,0x00000000ed600000,0x00000000ed900000)
 ParOldGen       total 64000K, used 3930K [0x00000000c1600000, 0x00000000c5480000, 0x00000000eb200000)
  object space 64000K, 6% used [0x00000000c1600000,0x00000000c19d6a08,0x00000000c5480000)
 Metaspace       used 17411K, capacity 17602K, committed 17920K, reserved 1064960K
  class space    used 2205K, capacity 2238K, committed 2304K, reserved 1048576K
Event: 8.132 GC heap after
Heap after GC invocations=14 (full 0):
 PSYoungGen      total 36864K, used 192K [0x00000000eb200000, 0x00000000ed900000, 0x0000000100000000)
  eden space 33792K, 0% used [0x00000000eb200000,0x00000000eb200000,0x00000000ed300000)
  from space 3072K, 6% used [0x00000000ed600000,0x00000000ed630000,0x00000000ed900000)
  to   space 3072K, 0% used [0x00000000ed300000,0x00000000ed300000,0x00000000ed600000)
 ParOldGen       total 64000K, used 25192K [0x00000000c1600000, 0x00000000c5480000, 0x00000000eb200000)
  object space 64000K, 39% used [0x00000000c1600000,0x00000000c2e9a028,0x00000000c5480000)
 Metaspace       used 17411K, capacity 17602K, committed 17920K, reserved 1064960K
  class space    used 2205K, capacity 2238K, committed 2304K, reserved 1048576K
}

