# JRE version: Java(TM) SE Runtime Environment (8.0-b132) (build 1.8.0-b132)
# Java VM: Java HotSpot(TM) 64-Bit Server VM (25.0-b70 mixed mode windows-amd64 compressed oops)
Heap:
 PSYoungGen      total 30720K, used 17644K [0x00000000eb200000, 0x00000000edd80000, 0x0000000100000000)
  eden space 28160K, 62% used [0x00000000eb200000,0x00000000ec31b200,0x00000000ecd80000)
  from space 2560K, 5% used [0x00000000ecd80000,0x00000000ecda0000,0x00000000ed000000)
  to   space 2560K, 0% used [0x00000000edb00000,0x00000000edb00000,0x00000000edd80000)
 ParOldGen       total 64000K, used 34395K [0x00000000c1600000, 0x00000000c5480000, 0x00000000eb200000)
  object space 64000K, 53% used [0x00000000c1600000,0x00000000c3796eb8,0x00000000c5480000)
 Metaspace       used 17443K, capacity 17602K, committed 17920K, reserved 1064960K
  class space    used 2210K, capacity 2238K, committed 2304K, reserved 1048576K
GC Heap History (10 events):
Event: 1.284 GC heap before
{Heap before GC invocations=13 (full 0):
 PSYoungGen      total 11776K, used 11639K [0x00000000eb200000, 0x00000000ebe80000, 0x0000000100000000)
  eden space 10752K, 100% used [0x00000000eb200000,0x00000000ebc80000,0x00000000ebc80000)
  from space 1024K, 86% used [0x00000000ebd80000,0x00000000ebe5dfa8,0x00000000ebe80000)
  to   space 1024K, 0% used [0x00000000ebc80000,0x00000000ebc80000,0x00000000ebd80000)
 ParOldGen       total 64000K, used 1837K [0x00000000c1600000, 0x00000000c5480000, 0x00000000eb200000)
  object space 64000K, 2% used [0x00000000c1600000,0x00000000c17cb6a0,0x00000000c5480000)
 Metaspace       used 9168K, capacity 9286K, committed 9472K, reserved 1056768K
  class space    used 1180K, capacity 1201K, committed 1280K, reserved 1048576K
Event: 1.287 GC heap after
Heap after GC invocations=13 (full 0):
 PSYoungGen      total 11776K, used 1010K [0x00000000eb200000, 0x00000000ec600000, 0x0000000100000000)
  eden space 10752K, 0% used [0x00000000eb200000,0x00000000eb200000,0x00000000ebc80000)
  from space 1024K, 98% used [0x00000000ebc80000,0x00000000ebd7ca58,0x00000000ebd80000)
  to   space 1536K, 0% used [0x00000000ec480000,0x00000000ec480000,0x00000000ec600000)
 ParOldGen       total 64000K, used 2120K [0x00000000c1600000, 0x00000000c5480000, 0x00000000eb200000)
  object space 64000K, 3% used [0x00000000c1600000,0x00000000c18123a0,0x00000000c5480000)
 Metaspace       used 9168K, capacity 9286K, committed 9472K, reserved 1056768K
  class space    used 1180K, capacity 1201K, committed 1280K, reserved 1048576K
}
Event: 1.491 GC heap before
{Heap before GC invocations=14 (full 0):
 PSYoungGen      total 11776K, used 11762K [0x00000000eb200000, 0x00000000ec600000, 0x0000000100000000)
  eden space 10752K, 100% used [0x00000000eb200000,0x00000000ebc80000,0x00000000ebc80000)
  from space 1024K, 98% used [0x00000000ebc80000,0x00000000ebd7ca58,0x00000000ebd80000)
  to   space 1536K, 0% used [0x00000000ec480000,0x00000000ec480000,0x00000000ec600000)
 ParOldGen       total 64000K, used 2120K [0x00000000c1600000, 0x00000000c5480000, 0x00000000eb200000)
  object space 64000K, 3% used [0x00000000c1600000,0x00000000c18123a0,0x00000000c5480000)
 Metaspace       used 11574K, capacity 11740K, committed 11904K, reserved 1058816K
  class space    used 1507K, capacity 1565K, committed 1664K, reserved 1048576K
Event: 1.494 GC heap after
Heap after GC invocations=14 (full 0):
 PSYoungGen      total 18944K, used 1527K [0x00000000eb200000, 0x00000000ec600000, 0x0000000100000000)
  eden space 17408K, 0% used [0x00000000eb200000,0x00000000eb200000,0x00000000ec300000)
  from space 1536K, 99% used [0x00000000ec480000,0x00000000ec5fdc10,0x00000000ec600000)
  to   space 1536K, 0% used [0x00000000ec300000,0x00000000ec300000,0x00000000ec480000)
 ParOldGen       total 64000K, used 2441K [0x00000000c1600000, 0x00000000c5480000, 0x00000000eb200000)
  object space 64000K, 3% used [0x00000000c1600000,0x00000000c1862600,0x00000000c5480000)
 Metaspace       used 11574K, capacity 11740K, committed 11904K, reserved 1058816K
  class space    used 1507K, capacity 1565K, committed 1664K, reserved 1048576K
}
Event: 6.782 GC heap before
{Heap before GC invocations=15 (full 0):
 PSYoungGen      total 18944K, used 18935K [0x00000000eb200000, 0x00000000ec600000, 0x0000000100000000)
  eden space 17408K, 100% used [0x00000000eb200000,0x00000000ec300000,0x00000000ec300000)
  from space 1536K, 99% used [0x00000000ec480000,0x00000000ec5fdc10,0x00000000ec600000)
  to   space 1536K, 0% used [0x00000000ec300000,0x00000000ec300000,0x00000000ec480000)
 ParOldGen       total 64000K, used 2441K [0x00000000c1600000, 0x00000000c5480000, 0x00000000eb200000)
  object space 64000K, 3% used [0x00000000c1600000,0x00000000c1862600,0x00000000c5480000)
 Metaspace       used 14933K, capacity 15106K, committed 15360K, reserved 1062912K
  class space    used 1938K, capacity 1982K, committed 2048K, reserved 1048576K
Event: 6.787 GC heap after
Heap after GC invocations=15 (full 0):
 PSYoungGen      total 18944K, used 1512K [0x00000000eb200000, 0x00000000ed280000, 0x0000000100000000)
  eden space 17408K, 0% used [0x00000000eb200000,0x00000000eb200000,0x00000000ec300000)
  from space 1536K, 98% used [0x00000000ec300000,0x00000000ec47a398,0x00000000ec480000)
  to   space 2560K, 0% used [0x00000000ed000000,0x00000000ed000000,0x00000000ed280000)
 ParOldGen       total 64000K, used 4662K [0x00000000c1600000, 0x00000000c5480000, 0x00000000eb200000)
  object space 64000K, 7% used [0x00000000c1600000,0x00000000c1a8d838,0x00000000c5480000)
 Metaspace       used 14933K, capacity 15106K, committed 15360K, reserved 1062912K
  class space    used 1938K, capacity 1982K, committed 2048K, reserved 1048576K
}
Event: 8.145 GC heap before
{Heap before GC invocations=16 (full 0):
 PSYoungGen      total 18944K, used 15945K [0x00000000eb200000, 0x00000000ed280000, 0x0000000100000000)
  eden space 17408K, 82% used [0x00000000eb200000,0x00000000ec018098,0x00000000ec300000)
  from space 1536K, 98% used [0x00000000ec300000,0x00000000ec47a398,0x00000000ec480000)
  to   space 2560K, 0% used [0x00000000ed000000,0x00000000ed000000,0x00000000ed280000)
 ParOldGen       total 64000K, used 4662K [0x00000000c1600000, 0x00000000c5480000, 0x00000000eb200000)
  object space 64000K, 7% used [0x00000000c1600000,0x00000000c1a8d838,0x00000000c5480000)
 Metaspace       used 17024K, capacity 17186K, committed 17408K, reserved 1064960K
  class space    used 2164K, capacity 2206K, committed 2304K, reserved 1048576K
Event: 8.155 GC heap after
Heap after GC invocations=16 (full 0):
 PSYoungGen      total 30720K, used 1201K [0x00000000eb200000, 0x00000000ed280000, 0x0000000100000000)
  eden space 28160K, 0% used [0x00000000eb200000,0x00000000eb200000,0x00000000ecd80000)
  from space 2560K, 46% used [0x00000000ed000000,0x00000000ed12c758,0x00000000ed280000)
  to   space 2560K, 0% used [0x00000000ecd80000,0x00000000ecd80000,0x00000000ed000000)
 ParOldGen       total 64000K, used 17546K [0x00000000c1600000, 0x00000000c5480000, 0x00000000eb200000)
  object space 64000K, 27% used [0x00000000c1600000,0x00000000c27228d8,0x00000000c5480000)
 Metaspace       used 17024K, capacity 17186K, committed 17408K, reserved 1064960K
  class space    used 2164K, capacity 2206K, committed 2304K, reserved 1048576K
}
Event: 8.467 GC heap before
{Heap before GC invocations=17 (full 0):
 PSYoungGen      total 30720K, used 29361K [0x00000000eb200000, 0x00000000ed280000, 0x0000000100000000)
  eden space 28160K, 100% used [0x00000000eb200000,0x00000000ecd80000,0x00000000ecd80000)
  from space 2560K, 46% used [0x00000000ed000000,0x00000000ed12c758,0x00000000ed280000)
  to   space 2560K, 0% used [0x00000000ecd80000,0x00000000ecd80000,0x00000000ed000000)
 ParOldGen       total 64000K, used 17546K [0x00000000c1600000, 0x00000000c5480000, 0x00000000eb200000)
  object space 64000K, 27% used [0x00000000c1600000,0x00000000c27228d8,0x00000000c5480000)
 Metaspace       used 17436K, capacity 17602K, committed 17920K, reserved 1064960K
  class space    used 2209K, capacity 2238K, committed 2304K, reserved 1048576K
Event: 8.494 GC heap after
Heap after GC invocations=17 (full 0):
 PSYoungGen      total 30720K, used 128K [0x00000000eb200000, 0x00000000edd80000, 0x0000000100000000)
  eden space 28160K, 0% used [0x00000000eb200000,0x00000000eb200000,0x00000000ecd80000)
  from space 2560K, 5% used [0x00000000ecd80000,0x00000000ecda0000,0x00000000ed000000)
  to   space 2560K, 0% used [0x00000000edb00000,0x00000000edb00000,0x00000000edd80000)
 ParOldGen       total 64000K, used 34395K [0x00000000c1600000, 0x00000000c5480000, 0x00000000eb200000)
  object space 64000K, 53% used [0x00000000c1600000,0x00000000c3796eb8,0x00000000c5480000)
 Metaspace       used 17436K, capacity 17602K, committed 17920K, reserved 1064960K
  class space    used 2209K, capacity 2238K, committed 2304K, reserved 1048576K
}

